Using pre-set license
Built from '2021.2/staging' branch; Version is '2021.2.7f1 (6bd9e232123f) revision 7068130'; Using compiler version '192829333'; Build Type 'Release'
OS: 'Windows 10  (10.0.19044) 64bit Core' Language: 'en' Physical Memory: 16334 MB
BatchMode: 1, IsHumanControllingUs: 0, StartBugReporterOnCrash: 0, Is64bit: 1, IsPro: 0

COMMAND LINE ARGUMENTS:
C:\Program Files\Unity\Hub\Editor\2021.2.7f1\Editor\Unity.exe
-adb2
-batchMode
-noUpm
-name
AssetImportWorker2
-projectPath
D:/githubrepos/MemoryGame/MemoryGame
-logFile
Logs/AssetImportWorker2.log
-srvPort
65229
Successfully changed project path to: D:/githubrepos/MemoryGame/MemoryGame
D:/githubrepos/MemoryGame/MemoryGame
[UnityMemory] Configuration Parameters - Can be set up in boot.config
    "memorysetup-bucket-allocator-granularity=16"
    "memorysetup-bucket-allocator-bucket-count=8"
    "memorysetup-bucket-allocator-block-size=33554432"
    "memorysetup-bucket-allocator-block-count=8"
    "memorysetup-main-allocator-block-size=16777216"
    "memorysetup-thread-allocator-block-size=16777216"
    "memorysetup-gfx-main-allocator-block-size=16777216"
    "memorysetup-gfx-thread-allocator-block-size=16777216"
    "memorysetup-cache-allocator-block-size=4194304"
    "memorysetup-typetree-allocator-block-size=2097152"
    "memorysetup-profiler-bucket-allocator-granularity=16"
    "memorysetup-profiler-bucket-allocator-bucket-count=8"
    "memorysetup-profiler-bucket-allocator-block-size=33554432"
    "memorysetup-profiler-bucket-allocator-block-count=8"
    "memorysetup-profiler-allocator-block-size=16777216"
    "memorysetup-profiler-editor-allocator-block-size=1048576"
    "memorysetup-temp-allocator-size-main=16777216"
    "memorysetup-job-temp-allocator-block-size=2097152"
    "memorysetup-job-temp-allocator-block-size-background=1048576"
    "memorysetup-job-temp-allocator-reduction-small-platforms=262144"
    "memorysetup-temp-allocator-size-background-worker=32768"
    "memorysetup-temp-allocator-size-job-worker=262144"
    "memorysetup-temp-allocator-size-preload-manager=33554432"
    "memorysetup-temp-allocator-size-nav-mesh-worker=65536"
    "memorysetup-temp-allocator-size-audio-worker=65536"
    "memorysetup-temp-allocator-size-cloud-worker=32768"
    "memorysetup-temp-allocator-size-gi-baking-worker=262144"
    "memorysetup-temp-allocator-size-gfx=262144"
Refreshing native plugins compatible for Editor in 48.72 ms, found 3 plugins.
Preloading 0 native plugins for Editor in 0.00 ms.
Initialize engine version: 2021.2.7f1 (6bd9e232123f)
[Subsystems] Discovering subsystems at path C:/Program Files/Unity/Hub/Editor/2021.2.7f1/Editor/Data/Resources/UnitySubsystems
[Subsystems] Discovering subsystems at path D:/githubrepos/MemoryGame/MemoryGame/Assets
GfxDevice: creating device client; threaded=0; jobified=0
Direct3D:
    Version:  Direct3D 11.0 [level 11.1]
    Renderer: NVIDIA GeForce GTX 1080 (ID=0x1b80)
    Vendor:   NVIDIA
    VRAM:     8079 MB
    Driver:   30.0.15.1123
Initialize mono
Mono path[0] = 'C:/Program Files/Unity/Hub/Editor/2021.2.7f1/Editor/Data/Managed'
Mono path[1] = 'C:/Program Files/Unity/Hub/Editor/2021.2.7f1/Editor/Data/MonoBleedingEdge/lib/mono/unityjit-win32'
Mono config path = 'C:/Program Files/Unity/Hub/Editor/2021.2.7f1/Editor/Data/MonoBleedingEdge/etc'
Using monoOptions --debugger-agent=transport=dt_socket,embedding=1,server=y,suspend=n,address=127.0.0.1:56004
Begin MonoManager ReloadAssembly
Registering precompiled unity dll's ...
Register platform support module: C:/Program Files/Unity/Hub/Editor/2021.2.7f1/Editor/Data/PlaybackEngines/WindowsStandaloneSupport/UnityEditor.WindowsStandalone.Extensions.dll
Registered in 0.010529 seconds.
Native extension for WindowsStandalone target not found
Refreshing native plugins compatible for Editor in 40.25 ms, found 3 plugins.
Preloading 0 native plugins for Editor in 0.00 ms.
Mono: successfully reloaded assembly
- Completed reload, in  0.602 seconds
Domain Reload Profiling:
	ReloadAssembly (603ms)
		BeginReloadAssembly (94ms)
			ExecutionOrderSort (0ms)
			DisableScriptedObjects (0ms)
			BackupInstance (0ms)
			ReleaseScriptingObjects (0ms)
			CreateAndSetChildDomain (1ms)
		EndReloadAssembly (417ms)
			LoadAssemblies (91ms)
			RebuildTransferFunctionScriptingTraits (0ms)
			SetupTypeCache (98ms)
			ReleaseScriptCaches (0ms)
			RebuildScriptCaches (24ms)
			SetupLoadedEditorAssemblies (239ms)
				LogAssemblyErrors (0ms)
				InitializePlatformSupportModulesInManaged (14ms)
				SetLoadedEditorAssemblies (0ms)
				RefreshPlugins (40ms)
				BeforeProcessingInitializeOnLoad (1ms)
				ProcessInitializeOnLoadAttributes (128ms)
				ProcessInitializeOnLoadMethodAttributes (55ms)
				AfterProcessingInitializeOnLoad (0ms)
				EditorAssembliesLoaded (0ms)
			ExecutionOrderSort2 (0ms)
			AwakeInstancesAfterBackupRestoration (0ms)
Platform modules already initialized, skipping
Registering precompiled user dll's ...
Registered in 0.004713 seconds.
Begin MonoManager ReloadAssembly
Native extension for WindowsStandalone target not found
Refreshing native plugins compatible for Editor in 38.57 ms, found 3 plugins.
Preloading 0 native plugins for Editor in 0.00 ms.
Mono: successfully reloaded assembly
- Completed reload, in  1.355 seconds
Domain Reload Profiling:
	ReloadAssembly (1355ms)
		BeginReloadAssembly (104ms)
			ExecutionOrderSort (0ms)
			DisableScriptedObjects (5ms)
			BackupInstance (0ms)
			ReleaseScriptingObjects (0ms)
			CreateAndSetChildDomain (19ms)
		EndReloadAssembly (1159ms)
			LoadAssemblies (71ms)
			RebuildTransferFunctionScriptingTraits (0ms)
			SetupTypeCache (183ms)
			ReleaseScriptCaches (0ms)
			RebuildScriptCaches (42ms)
			SetupLoadedEditorAssemblies (825ms)
				LogAssemblyErrors (0ms)
				InitializePlatformSupportModulesInManaged (10ms)
				SetLoadedEditorAssemblies (0ms)
				RefreshPlugins (39ms)
				BeforeProcessingInitializeOnLoad (61ms)
				ProcessInitializeOnLoadAttributes (670ms)
				ProcessInitializeOnLoadMethodAttributes (35ms)
				AfterProcessingInitializeOnLoad (10ms)
				EditorAssembliesLoaded (0ms)
			ExecutionOrderSort2 (0ms)
			AwakeInstancesAfterBackupRestoration (6ms)
Platform modules already initialized, skipping
========================================================================
Worker process is ready to serve import requests
Launched and connected shader compiler UnityShaderCompiler.exe after 0.06 seconds
Refreshing native plugins compatible for Editor in 0.90 ms, found 3 plugins.
Preloading 0 native plugins for Editor in 0.00 ms.
Unloading 2436 Unused Serialized files (Serialized files now loaded: 0)
Unloading 46 unused Assets / (55.7 KB). Loaded Objects now: 2883.
Memory consumption went from 110.7 MB to 110.6 MB.
Total: 3.028400 ms (FindLiveObjects: 0.238000 ms CreateObjectMapping: 0.064300 ms MarkObjects: 2.663400 ms  DeleteObjects: 0.061900 ms)

AssetImportParameters requested are different than current active one (requested -> active):
  custom:video-decoder-ogg-theora: a1e56fd34408186e4bbccfd4996cb3dc -> 
  custom:container-muxer-webm: aa71ff27fc2769a1b78a27578f13a17b -> 
  custom:container-demuxer-webm: 4f35f7cbe854078d1ac9338744f61a02 -> 
  custom:video-encoder-webm-vp8: eb34c28f22e8b96e1ab97ce403110664 -> 
  custom:audio-encoder-webm-vorbis: bf7c407c2cedff20999df2af8eb42d56 -> 
  custom:framework-win-MediaFoundation: 216162199b28c13a410421893ffa2e32 -> 
  custom:container-demuxer-ogg: 62fdf1f143b41e24485cea50d1cbac27 -> 
  custom:video-decoder-webm-vp8: 9c59270c3fd7afecdb556c50c9e8de78 -> 
  custom:audio-decoder-ogg-vorbis: bf7c407c2cedff20999df2af8eb42d56 -> 
========================================================================
Received Import Request.
  Time since last request: 125214.239302 seconds.
  path: Assets/Resources/front_/farm_/farm_19.png
  artifactKey: Guid(03470ff6d54dab44fa8d5c97c660ef64) Importer(815301076,1909f56bfc062723c751e8b465ee728b)
Start importing Assets/Resources/front_/farm_/farm_19.png using Guid(03470ff6d54dab44fa8d5c97c660ef64) Importer(815301076,1909f56bfc062723c751e8b465ee728b)  -> (artifact id: 'a381ca3345f04eb84965fe5d17f005a9') in 0.098272 seconds 
========================================================================
Received Import Request.
  Time since last request: 0.183422 seconds.
  path: Assets/Resources/front_/fashion_/fashion_1.png
  artifactKey: Guid(3f6e42385c1433e4f8e7b0766cd8e26d) Importer(815301076,1909f56bfc062723c751e8b465ee728b)
Start importing Assets/Resources/front_/fashion_/fashion_1.png using Guid(3f6e42385c1433e4f8e7b0766cd8e26d) Importer(815301076,1909f56bfc062723c751e8b465ee728b)  -> (artifact id: '444a095037410712a33d625744846780') in 0.010899 seconds 
========================================================================
Received Import Request.
  Time since last request: 0.069549 seconds.
  path: Assets/Resources/front_/fashion_/fashion_3.png
  artifactKey: Guid(d7b34d6dc5ced9841be1f187eb9777a8) Importer(815301076,1909f56bfc062723c751e8b465ee728b)
Start importing Assets/Resources/front_/fashion_/fashion_3.png using Guid(d7b34d6dc5ced9841be1f187eb9777a8) Importer(815301076,1909f56bfc062723c751e8b465ee728b)  -> (artifact id: '37b9ac9b541b3f927ad3d7843919a688') in 0.012500 seconds 
========================================================================
Received Import Request.
  Time since last request: 0.217527 seconds.
  path: Assets/Resources/front_/fashion_/fashion_7.png
  artifactKey: Guid(d0c2e43caba2d9942ba2e75815b6ffb1) Importer(815301076,1909f56bfc062723c751e8b465ee728b)
Start importing Assets/Resources/front_/fashion_/fashion_7.png using Guid(d0c2e43caba2d9942ba2e75815b6ffb1) Importer(815301076,1909f56bfc062723c751e8b465ee728b)  -> (artifact id: '3b4254955cd49cc26ecf087da7820232') in 0.010541 seconds 
========================================================================
Received Import Request.
  Time since last request: 0.047191 seconds.
  path: Assets/Resources/front_/fashion_/fashion_9.png
  artifactKey: Guid(cfd1fec29681c2b47a76c22f5f067dbc) Importer(815301076,1909f56bfc062723c751e8b465ee728b)
Start importing Assets/Resources/front_/fashion_/fashion_9.png using Guid(cfd1fec29681c2b47a76c22f5f067dbc) Importer(815301076,1909f56bfc062723c751e8b465ee728b)  -> (artifact id: '6cf87fc59b48d8feb8a26576414da042') in 0.010472 seconds 
========================================================================
Received Import Request.
  Time since last request: 0.198584 seconds.
  path: Assets/Resources/front_/fashion_/fashion_11.png
  artifactKey: Guid(c9e6f8cad0de95a4089bc303a1d1ab9d) Importer(815301076,1909f56bfc062723c751e8b465ee728b)
Start importing Assets/Resources/front_/fashion_/fashion_11.png using Guid(c9e6f8cad0de95a4089bc303a1d1ab9d) Importer(815301076,1909f56bfc062723c751e8b465ee728b)  -> (artifact id: '1a9fa3b595823e927fac459b4820844a') in 0.010727 seconds 
========================================================================
Received Import Request.
  Time since last request: 0.048007 seconds.
  path: Assets/Resources/front_/fashion_/fashion_13.png
  artifactKey: Guid(5b16346537d8bbe44b9dc227dcc2cb82) Importer(815301076,1909f56bfc062723c751e8b465ee728b)
Start importing Assets/Resources/front_/fashion_/fashion_13.png using Guid(5b16346537d8bbe44b9dc227dcc2cb82) Importer(815301076,1909f56bfc062723c751e8b465ee728b)  -> (artifact id: '3f2ff890109c5f4324143fb613ed1a5a') in 0.012250 seconds 
========================================================================
Received Import Request.
  Time since last request: 0.233188 seconds.
  path: Assets/Resources/front_/fashion_/fashion_17.png
  artifactKey: Guid(1d9e883a64584c64f89d7d46768b329f) Importer(815301076,1909f56bfc062723c751e8b465ee728b)
Start importing Assets/Resources/front_/fashion_/fashion_17.png using Guid(1d9e883a64584c64f89d7d46768b329f) Importer(815301076,1909f56bfc062723c751e8b465ee728b)  -> (artifact id: '357b4c2cadad84429a20c8e76cbfae3c') in 0.011343 seconds 
========================================================================
Received Import Request.
  Time since last request: 0.000017 seconds.
  path: Assets/Resources/front_/fashion_/fashion_19.png
  artifactKey: Guid(5b45bcda629af11449e7da2ea1dd949f) Importer(815301076,1909f56bfc062723c751e8b465ee728b)
Start importing Assets/Resources/front_/fashion_/fashion_19.png using Guid(5b45bcda629af11449e7da2ea1dd949f) Importer(815301076,1909f56bfc062723c751e8b465ee728b)  -> (artifact id: '3ee767a3bc4dd5f21e8b5c021263626f') in 0.014535 seconds 
========================================================================
Received Import Request.
  Time since last request: 0.809140 seconds.
  path: Assets/Resources/front_/fashion_/fashion_21.png
  artifactKey: Guid(0fd85a70ec7362147bd1e014e2161fe5) Importer(815301076,1909f56bfc062723c751e8b465ee728b)
Start importing Assets/Resources/front_/fashion_/fashion_21.png using Guid(0fd85a70ec7362147bd1e014e2161fe5) Importer(815301076,1909f56bfc062723c751e8b465ee728b)  -> (artifact id: '83c25332cfa23bcc6fc4edcbcb4509a0') in 0.015567 seconds 
========================================================================
Received Import Request.
  Time since last request: 0.000015 seconds.
  path: Assets/Resources/front_/flags_/flags_2.png
  artifactKey: Guid(66a6c4deef8bac3479b0347b7e610beb) Importer(815301076,1909f56bfc062723c751e8b465ee728b)
Start importing Assets/Resources/front_/flags_/flags_2.png using Guid(66a6c4deef8bac3479b0347b7e610beb) Importer(815301076,1909f56bfc062723c751e8b465ee728b)  -> (artifact id: '39c3214cd68bf289ed1128bfa84269fe') in 0.010868 seconds 
========================================================================
Received Import Request.
  Time since last request: 0.058733 seconds.
  path: Assets/Resources/front_/flags_/flags_8.png
  artifactKey: Guid(8bf56b097d35b59418acfc8cf34098c0) Importer(815301076,1909f56bfc062723c751e8b465ee728b)
Start importing Assets/Resources/front_/flags_/flags_8.png using Guid(8bf56b097d35b59418acfc8cf34098c0) Importer(815301076,1909f56bfc062723c751e8b465ee728b)  -> (artifact id: 'a248a66597c54fe2477fdad67588fa4a') in 0.011760 seconds 
========================================================================
Received Import Request.
  Time since last request: 0.000019 seconds.
  path: Assets/Resources/front_/flags_/flags_16.png
  artifactKey: Guid(a2efe2b3ad7adc04cbb5dd0a6fb84bb4) Importer(815301076,1909f56bfc062723c751e8b465ee728b)
Start importing Assets/Resources/front_/flags_/flags_16.png using Guid(a2efe2b3ad7adc04cbb5dd0a6fb84bb4) Importer(815301076,1909f56bfc062723c751e8b465ee728b)  -> (artifact id: 'b3d91e86d1e6f0ada0195f0dc6046836') in 0.012303 seconds 
========================================================================
Received Import Request.
  Time since last request: 0.000021 seconds.
  path: Assets/Resources/front_/flags_/flags_15.png
  artifactKey: Guid(be13df8a9e4673d4786bb99d394a032d) Importer(815301076,1909f56bfc062723c751e8b465ee728b)
Start importing Assets/Resources/front_/flags_/flags_15.png using Guid(be13df8a9e4673d4786bb99d394a032d) Importer(815301076,1909f56bfc062723c751e8b465ee728b)  -> (artifact id: 'bb70da87051b8584a20408610e8b7994') in 0.009917 seconds 
========================================================================
Received Import Request.
  Time since last request: 0.005481 seconds.
  path: Assets/Resources/front_/flags_/flags_20.png
  artifactKey: Guid(ac6d063a12d6c3a47b337e4b47745797) Importer(815301076,1909f56bfc062723c751e8b465ee728b)
Start importing Assets/Resources/front_/flags_/flags_20.png using Guid(ac6d063a12d6c3a47b337e4b47745797) Importer(815301076,1909f56bfc062723c751e8b465ee728b)  -> (artifact id: '52816b159077dc99d97fb00e36066c72') in 0.012578 seconds 
========================================================================
Received Import Request.
  Time since last request: 0.000020 seconds.
  path: Assets/Resources/front_/flags_/flags_24.png
  artifactKey: Guid(8e24044c066a2d640b07aecbdb7b2e69) Importer(815301076,1909f56bfc062723c751e8b465ee728b)
Start importing Assets/Resources/front_/flags_/flags_24.png using Guid(8e24044c066a2d640b07aecbdb7b2e69) Importer(815301076,1909f56bfc062723c751e8b465ee728b)  -> (artifact id: '1ad129337d74d6e3609179a0d88ab12f') in 0.010414 seconds 
========================================================================
Received Import Request.
  Time since last request: 0.028059 seconds.
  path: Assets/Resources/front_/korea_/korea_1.png
  artifactKey: Guid(2b5948d4c71f7764d88de66ae3b46d62) Importer(815301076,1909f56bfc062723c751e8b465ee728b)
Start importing Assets/Resources/front_/korea_/korea_1.png using Guid(2b5948d4c71f7764d88de66ae3b46d62) Importer(815301076,1909f56bfc062723c751e8b465ee728b)  -> (artifact id: '9dcf678fe7df59430ad36fe50401183a') in 0.012425 seconds 
========================================================================
Received Import Request.
  Time since last request: 0.197863 seconds.
  path: Assets/Resources/front_/korea_/korea_6.png
  artifactKey: Guid(665108230cea36e4a827ab3c4bb88d54) Importer(815301076,1909f56bfc062723c751e8b465ee728b)
Start importing Assets/Resources/front_/korea_/korea_6.png using Guid(665108230cea36e4a827ab3c4bb88d54) Importer(815301076,1909f56bfc062723c751e8b465ee728b)  -> (artifact id: '216a694a5d13cad72d6cbcfdf3ae21f0') in 0.013196 seconds 
========================================================================
Received Import Request.
  Time since last request: 49.437748 seconds.
  path: Assets/Resources/img_match.png
  artifactKey: Guid(ba038281183b21d4e9c9ef8194db9dc5) Importer(815301076,1909f56bfc062723c751e8b465ee728b)
Start importing Assets/Resources/img_match.png using Guid(ba038281183b21d4e9c9ef8194db9dc5) Importer(815301076,1909f56bfc062723c751e8b465ee728b)  -> (artifact id: '5a97c085d6880a6a0320d7d7a4ccf66e') in 0.028556 seconds 
