Using pre-set license
Built from '2021.2/staging' branch; Version is '2021.2.7f1 (6bd9e232123f) revision 7068130'; Using compiler version '192829333'; Build Type 'Release'
OS: 'Windows 10  (10.0.19044) 64bit Core' Language: 'en' Physical Memory: 16334 MB
BatchMode: 1, IsHumanControllingUs: 0, StartBugReporterOnCrash: 0, Is64bit: 1, IsPro: 0

COMMAND LINE ARGUMENTS:
C:\Program Files\Unity\Hub\Editor\2021.2.7f1\Editor\Unity.exe
-adb2
-batchMode
-noUpm
-name
AssetImportWorker2
-projectPath
D:/githubrepos/MemoryGame/MemoryGame
-logFile
Logs/AssetImportWorker2.log
-srvPort
52547
Successfully changed project path to: D:/githubrepos/MemoryGame/MemoryGame
D:/githubrepos/MemoryGame/MemoryGame
[UnityMemory] Configuration Parameters - Can be set up in boot.config
    "memorysetup-bucket-allocator-granularity=16"
    "memorysetup-bucket-allocator-bucket-count=8"
    "memorysetup-bucket-allocator-block-size=33554432"
    "memorysetup-bucket-allocator-block-count=8"
    "memorysetup-main-allocator-block-size=16777216"
    "memorysetup-thread-allocator-block-size=16777216"
    "memorysetup-gfx-main-allocator-block-size=16777216"
    "memorysetup-gfx-thread-allocator-block-size=16777216"
    "memorysetup-cache-allocator-block-size=4194304"
    "memorysetup-typetree-allocator-block-size=2097152"
    "memorysetup-profiler-bucket-allocator-granularity=16"
    "memorysetup-profiler-bucket-allocator-bucket-count=8"
    "memorysetup-profiler-bucket-allocator-block-size=33554432"
    "memorysetup-profiler-bucket-allocator-block-count=8"
    "memorysetup-profiler-allocator-block-size=16777216"
    "memorysetup-profiler-editor-allocator-block-size=1048576"
    "memorysetup-temp-allocator-size-main=16777216"
    "memorysetup-job-temp-allocator-block-size=2097152"
    "memorysetup-job-temp-allocator-block-size-background=1048576"
    "memorysetup-job-temp-allocator-reduction-small-platforms=262144"
    "memorysetup-temp-allocator-size-background-worker=32768"
    "memorysetup-temp-allocator-size-job-worker=262144"
    "memorysetup-temp-allocator-size-preload-manager=33554432"
    "memorysetup-temp-allocator-size-nav-mesh-worker=65536"
    "memorysetup-temp-allocator-size-audio-worker=65536"
    "memorysetup-temp-allocator-size-cloud-worker=32768"
    "memorysetup-temp-allocator-size-gi-baking-worker=262144"
    "memorysetup-temp-allocator-size-gfx=262144"
Refreshing native plugins compatible for Editor in 134.63 ms, found 3 plugins.
Preloading 0 native plugins for Editor in 0.00 ms.
Initialize engine version: 2021.2.7f1 (6bd9e232123f)
[Subsystems] Discovering subsystems at path C:/Program Files/Unity/Hub/Editor/2021.2.7f1/Editor/Data/Resources/UnitySubsystems
[Subsystems] Discovering subsystems at path D:/githubrepos/MemoryGame/MemoryGame/Assets
GfxDevice: creating device client; threaded=0; jobified=0
Direct3D:
    Version:  Direct3D 11.0 [level 11.1]
    Renderer: NVIDIA GeForce GTX 1080 (ID=0x1b80)
    Vendor:   NVIDIA
    VRAM:     8079 MB
    Driver:   30.0.15.1123
Initialize mono
Mono path[0] = 'C:/Program Files/Unity/Hub/Editor/2021.2.7f1/Editor/Data/Managed'
Mono path[1] = 'C:/Program Files/Unity/Hub/Editor/2021.2.7f1/Editor/Data/MonoBleedingEdge/lib/mono/unityjit-win32'
Mono config path = 'C:/Program Files/Unity/Hub/Editor/2021.2.7f1/Editor/Data/MonoBleedingEdge/etc'
Using monoOptions --debugger-agent=transport=dt_socket,embedding=1,server=y,suspend=n,address=127.0.0.1:56596
Begin MonoManager ReloadAssembly
Registering precompiled unity dll's ...
Register platform support module: C:/Program Files/Unity/Hub/Editor/2021.2.7f1/Editor/Data/PlaybackEngines/WindowsStandaloneSupport/UnityEditor.WindowsStandalone.Extensions.dll
Registered in 0.009207 seconds.
Native extension for WindowsStandalone target not found
Refreshing native plugins compatible for Editor in 38.78 ms, found 3 plugins.
Preloading 0 native plugins for Editor in 0.00 ms.
Mono: successfully reloaded assembly
- Completed reload, in  0.579 seconds
Domain Reload Profiling:
	ReloadAssembly (580ms)
		BeginReloadAssembly (106ms)
			ExecutionOrderSort (0ms)
			DisableScriptedObjects (0ms)
			BackupInstance (0ms)
			ReleaseScriptingObjects (0ms)
			CreateAndSetChildDomain (1ms)
		EndReloadAssembly (394ms)
			LoadAssemblies (104ms)
			RebuildTransferFunctionScriptingTraits (0ms)
			SetupTypeCache (98ms)
			ReleaseScriptCaches (0ms)
			RebuildScriptCaches (23ms)
			SetupLoadedEditorAssemblies (224ms)
				LogAssemblyErrors (0ms)
				InitializePlatformSupportModulesInManaged (14ms)
				SetLoadedEditorAssemblies (0ms)
				RefreshPlugins (39ms)
				BeforeProcessingInitializeOnLoad (1ms)
				ProcessInitializeOnLoadAttributes (129ms)
				ProcessInitializeOnLoadMethodAttributes (41ms)
				AfterProcessingInitializeOnLoad (0ms)
				EditorAssembliesLoaded (0ms)
			ExecutionOrderSort2 (0ms)
			AwakeInstancesAfterBackupRestoration (0ms)
Platform modules already initialized, skipping
Registering precompiled user dll's ...
Registered in 0.318111 seconds.
Begin MonoManager ReloadAssembly
Native extension for WindowsStandalone target not found
Refreshing native plugins compatible for Editor in 38.02 ms, found 3 plugins.
Preloading 0 native plugins for Editor in 0.00 ms.
Mono: successfully reloaded assembly
- Completed reload, in  1.811 seconds
Domain Reload Profiling:
	ReloadAssembly (1811ms)
		BeginReloadAssembly (100ms)
			ExecutionOrderSort (0ms)
			DisableScriptedObjects (5ms)
			BackupInstance (0ms)
			ReleaseScriptingObjects (0ms)
			CreateAndSetChildDomain (17ms)
		EndReloadAssembly (1608ms)
			LoadAssemblies (720ms)
			RebuildTransferFunctionScriptingTraits (0ms)
			SetupTypeCache (176ms)
			ReleaseScriptCaches (0ms)
			RebuildScriptCaches (41ms)
			SetupLoadedEditorAssemblies (638ms)
				LogAssemblyErrors (0ms)
				InitializePlatformSupportModulesInManaged (10ms)
				SetLoadedEditorAssemblies (0ms)
				RefreshPlugins (38ms)
				BeforeProcessingInitializeOnLoad (63ms)
				ProcessInitializeOnLoadAttributes (482ms)
				ProcessInitializeOnLoadMethodAttributes (36ms)
				AfterProcessingInitializeOnLoad (8ms)
				EditorAssembliesLoaded (0ms)
			ExecutionOrderSort2 (0ms)
			AwakeInstancesAfterBackupRestoration (5ms)
Platform modules already initialized, skipping
========================================================================
Worker process is ready to serve import requests
Launched and connected shader compiler UnityShaderCompiler.exe after 0.05 seconds
Refreshing native plugins compatible for Editor in 0.67 ms, found 3 plugins.
Preloading 0 native plugins for Editor in 0.00 ms.
Unloading 2436 Unused Serialized files (Serialized files now loaded: 0)
Unloading 46 unused Assets / (56.0 KB). Loaded Objects now: 2883.
Memory consumption went from 110.7 MB to 110.7 MB.
Total: 3.466300 ms (FindLiveObjects: 0.220000 ms CreateObjectMapping: 0.067600 ms MarkObjects: 3.113900 ms  DeleteObjects: 0.063800 ms)

AssetImportParameters requested are different than current active one (requested -> active):
  custom:video-decoder-ogg-theora: a1e56fd34408186e4bbccfd4996cb3dc -> 
  custom:container-muxer-webm: aa71ff27fc2769a1b78a27578f13a17b -> 
  custom:container-demuxer-webm: 4f35f7cbe854078d1ac9338744f61a02 -> 
  custom:video-encoder-webm-vp8: eb34c28f22e8b96e1ab97ce403110664 -> 
  custom:audio-encoder-webm-vorbis: bf7c407c2cedff20999df2af8eb42d56 -> 
  custom:framework-win-MediaFoundation: 216162199b28c13a410421893ffa2e32 -> 
  custom:container-demuxer-ogg: 62fdf1f143b41e24485cea50d1cbac27 -> 
  custom:video-decoder-webm-vp8: 9c59270c3fd7afecdb556c50c9e8de78 -> 
  custom:audio-decoder-ogg-vorbis: bf7c407c2cedff20999df2af8eb42d56 -> 
========================================================================
Received Import Request.
  Time since last request: 208165.835859 seconds.
  path: Assets/Scenes/SettingsScene.unity
  artifactKey: Guid(7bb32df3350182c4ea109af1e9d0ca43) Importer(815301076,1909f56bfc062723c751e8b465ee728b)
Start importing Assets/Scenes/SettingsScene.unity using Guid(7bb32df3350182c4ea109af1e9d0ca43) Importer(815301076,1909f56bfc062723c751e8b465ee728b)  -> (artifact id: '2501fa166e10fb69cc90c4fe5618baea') in 0.011592 seconds 
========================================================================
Received Prepare
Refreshing native plugins compatible for Editor in 4.69 ms, found 3 plugins.
Preloading 0 native plugins for Editor in 0.00 ms.
Unloading 33 Unused Serialized files (Serialized files now loaded: 0)
Unloading 33 unused Assets / (21.9 KB). Loaded Objects now: 2883.
Memory consumption went from 60.9 MB to 60.9 MB.
Total: 3.780400 ms (FindLiveObjects: 0.256100 ms CreateObjectMapping: 0.064600 ms MarkObjects: 3.436300 ms  DeleteObjects: 0.022400 ms)

AssetImportParameters requested are different than current active one (requested -> active):
  custom:video-decoder-ogg-theora: a1e56fd34408186e4bbccfd4996cb3dc -> 
  custom:container-muxer-webm: aa71ff27fc2769a1b78a27578f13a17b -> 
  custom:container-demuxer-webm: 4f35f7cbe854078d1ac9338744f61a02 -> 
  custom:video-encoder-webm-vp8: eb34c28f22e8b96e1ab97ce403110664 -> 
  custom:audio-encoder-webm-vorbis: bf7c407c2cedff20999df2af8eb42d56 -> 
  custom:framework-win-MediaFoundation: 216162199b28c13a410421893ffa2e32 -> 
  custom:container-demuxer-ogg: 62fdf1f143b41e24485cea50d1cbac27 -> 
  custom:video-decoder-webm-vp8: 9c59270c3fd7afecdb556c50c9e8de78 -> 
  custom:audio-decoder-ogg-vorbis: bf7c407c2cedff20999df2af8eb42d56 -> 
========================================================================
Received Import Request.
  Time since last request: 312.492614 seconds.
  path: Assets/Resources/front_/flags_/flags_24.png
  artifactKey: Guid(8e24044c066a2d640b07aecbdb7b2e69) Importer(815301076,1909f56bfc062723c751e8b465ee728b)
Start importing Assets/Resources/front_/flags_/flags_24.png using Guid(8e24044c066a2d640b07aecbdb7b2e69) Importer(815301076,1909f56bfc062723c751e8b465ee728b)  -> (artifact id: '1ad129337d74d6e3609179a0d88ab12f') in 0.084155 seconds 
========================================================================
Received Import Request.
  Time since last request: 0.000020 seconds.
  path: Assets/Resources/front_/korea_/korea_2.png
  artifactKey: Guid(a68301b7a161d884d8bfb382631661b5) Importer(815301076,1909f56bfc062723c751e8b465ee728b)
Start importing Assets/Resources/front_/korea_/korea_2.png using Guid(a68301b7a161d884d8bfb382631661b5) Importer(815301076,1909f56bfc062723c751e8b465ee728b)  -> (artifact id: '41b3822f06279f3c2f3cfc7956a04161') in 0.011728 seconds 
========================================================================
Received Import Request.
  Time since last request: 0.000016 seconds.
  path: Assets/Resources/front_/korea_/korea_3.png
  artifactKey: Guid(91243d5e158a146488b00b9d9de1cb9e) Importer(815301076,1909f56bfc062723c751e8b465ee728b)
Start importing Assets/Resources/front_/korea_/korea_3.png using Guid(91243d5e158a146488b00b9d9de1cb9e) Importer(815301076,1909f56bfc062723c751e8b465ee728b)  -> (artifact id: 'f50f822e922532780f9c949c702095b4') in 0.012298 seconds 
========================================================================
Received Import Request.
  Time since last request: 1.285801 seconds.
  path: Assets/Resources/front_/flags_/flags_22.png
  artifactKey: Guid(ea4511218c10e15458c982d19c81ab00) Importer(815301076,1909f56bfc062723c751e8b465ee728b)
Start importing Assets/Resources/front_/flags_/flags_22.png using Guid(ea4511218c10e15458c982d19c81ab00) Importer(815301076,1909f56bfc062723c751e8b465ee728b)  -> (artifact id: '997700f87710a9fec23b32323eff7fe0') in 0.012838 seconds 
========================================================================
Received Import Request.
  Time since last request: 0.016875 seconds.
  path: Assets/Resources/front_/flags_/flags_20.png
  artifactKey: Guid(ac6d063a12d6c3a47b337e4b47745797) Importer(815301076,1909f56bfc062723c751e8b465ee728b)
Start importing Assets/Resources/front_/flags_/flags_20.png using Guid(ac6d063a12d6c3a47b337e4b47745797) Importer(815301076,1909f56bfc062723c751e8b465ee728b)  -> (artifact id: '52816b159077dc99d97fb00e36066c72') in 0.011144 seconds 
========================================================================
Received Import Request.
  Time since last request: 0.168674 seconds.
  path: Assets/Resources/front_/flags_/flags_18.png
  artifactKey: Guid(530ac90c68bc1cb4fbd899505992c045) Importer(815301076,1909f56bfc062723c751e8b465ee728b)
Start importing Assets/Resources/front_/flags_/flags_18.png using Guid(530ac90c68bc1cb4fbd899505992c045) Importer(815301076,1909f56bfc062723c751e8b465ee728b)  -> (artifact id: 'c8734c51c9648da266cc173693a2b8b9') in 0.012265 seconds 
========================================================================
Received Import Request.
  Time since last request: 0.011761 seconds.
  path: Assets/Resources/front_/flags_/flags_16.png
  artifactKey: Guid(a2efe2b3ad7adc04cbb5dd0a6fb84bb4) Importer(815301076,1909f56bfc062723c751e8b465ee728b)
Start importing Assets/Resources/front_/flags_/flags_16.png using Guid(a2efe2b3ad7adc04cbb5dd0a6fb84bb4) Importer(815301076,1909f56bfc062723c751e8b465ee728b)  -> (artifact id: 'b3d91e86d1e6f0ada0195f0dc6046836') in 0.011661 seconds 
========================================================================
Received Import Request.
  Time since last request: 0.019333 seconds.
  path: Assets/Resources/front_/flags_/flags_14.png
  artifactKey: Guid(0fa4c5a9f610ac44f8ea463ee9944717) Importer(815301076,1909f56bfc062723c751e8b465ee728b)
Start importing Assets/Resources/front_/flags_/flags_14.png using Guid(0fa4c5a9f610ac44f8ea463ee9944717) Importer(815301076,1909f56bfc062723c751e8b465ee728b)  -> (artifact id: '227969344735ef0463fe2dbdad9d6e2f') in 0.011310 seconds 
========================================================================
Received Import Request.
  Time since last request: 0.760822 seconds.
  path: Assets/Resources/front_/flags_/flags_12.png
  artifactKey: Guid(35847bc56c9a4d9488b07fac8e8565b5) Importer(815301076,1909f56bfc062723c751e8b465ee728b)
Start importing Assets/Resources/front_/flags_/flags_12.png using Guid(35847bc56c9a4d9488b07fac8e8565b5) Importer(815301076,1909f56bfc062723c751e8b465ee728b)  -> (artifact id: '40f9a857aabf852144859fb5bc5a58f4') in 0.012829 seconds 
========================================================================
Received Import Request.
  Time since last request: 0.000014 seconds.
  path: Assets/Resources/front_/flags_/flags_11.png
  artifactKey: Guid(26ee7ca04bafd56418c99d64b1ebbaa0) Importer(815301076,1909f56bfc062723c751e8b465ee728b)
Start importing Assets/Resources/front_/flags_/flags_11.png using Guid(26ee7ca04bafd56418c99d64b1ebbaa0) Importer(815301076,1909f56bfc062723c751e8b465ee728b)  -> (artifact id: 'fbd34000f6f6631b381fd4ada258e859') in 0.011716 seconds 
========================================================================
Received Import Request.
  Time since last request: 0.030796 seconds.
  path: Assets/Resources/front_/fashion_/fashion_2.png
  artifactKey: Guid(209460b31746a0a448cdd917754165bb) Importer(815301076,1909f56bfc062723c751e8b465ee728b)
Start importing Assets/Resources/front_/fashion_/fashion_2.png using Guid(209460b31746a0a448cdd917754165bb) Importer(815301076,1909f56bfc062723c751e8b465ee728b)  -> (artifact id: 'dfd8c3cb02e51bdc23c7dfe7b52de05d') in 0.014751 seconds 
========================================================================
Received Import Request.
  Time since last request: 0.008251 seconds.
  path: Assets/Resources/front_/fashion_/fashion_4.png
  artifactKey: Guid(e9079fddd7a2b5b4288f662951ae4bd7) Importer(815301076,1909f56bfc062723c751e8b465ee728b)
Start importing Assets/Resources/front_/fashion_/fashion_4.png using Guid(e9079fddd7a2b5b4288f662951ae4bd7) Importer(815301076,1909f56bfc062723c751e8b465ee728b)  -> (artifact id: '190cf6fb33e0fda69832a0b1f00c47be') in 0.016700 seconds 
========================================================================
Received Import Request.
  Time since last request: 0.003037 seconds.
  path: Assets/Resources/front_/fashion_/fashion_10.png
  artifactKey: Guid(0a89c28f4ecda1747af31ab02746dbe7) Importer(815301076,1909f56bfc062723c751e8b465ee728b)
Start importing Assets/Resources/front_/fashion_/fashion_10.png using Guid(0a89c28f4ecda1747af31ab02746dbe7) Importer(815301076,1909f56bfc062723c751e8b465ee728b)  -> (artifact id: 'a191a0536084f69d4b2ed265fca98eae') in 0.012843 seconds 
========================================================================
Received Import Request.
  Time since last request: 0.000015 seconds.
  path: Assets/Resources/front_/fashion_/fashion_9.png
  artifactKey: Guid(cfd1fec29681c2b47a76c22f5f067dbc) Importer(815301076,1909f56bfc062723c751e8b465ee728b)
Start importing Assets/Resources/front_/fashion_/fashion_9.png using Guid(cfd1fec29681c2b47a76c22f5f067dbc) Importer(815301076,1909f56bfc062723c751e8b465ee728b)  -> (artifact id: '6cf87fc59b48d8feb8a26576414da042') in 0.015341 seconds 
Editor requested this worker to shutdown with reason: Scaling down because of idle timeout
AssetImportWorker is now disconnected from the server
Process exiting
Exiting without the bug reporter. Application will terminate with return code 0