Using pre-set license
Built from '2021.2/staging' branch; Version is '2021.2.7f1 (6bd9e232123f) revision 7068130'; Using compiler version '192829333'; Build Type 'Release'
OS: 'Windows 10  (10.0.19044) 64bit Core' Language: 'en' Physical Memory: 16334 MB
BatchMode: 1, IsHumanControllingUs: 0, StartBugReporterOnCrash: 0, Is64bit: 1, IsPro: 0

COMMAND LINE ARGUMENTS:
C:\Program Files\Unity\Hub\Editor\2021.2.7f1\Editor\Unity.exe
-adb2
-batchMode
-noUpm
-name
AssetImportWorker3
-projectPath
D:/githubrepos/MemoryGame/MemoryGame
-logFile
Logs/AssetImportWorker3.log
-srvPort
52547
Successfully changed project path to: D:/githubrepos/MemoryGame/MemoryGame
D:/githubrepos/MemoryGame/MemoryGame
[UnityMemory] Configuration Parameters - Can be set up in boot.config
    "memorysetup-bucket-allocator-granularity=16"
    "memorysetup-bucket-allocator-bucket-count=8"
    "memorysetup-bucket-allocator-block-size=33554432"
    "memorysetup-bucket-allocator-block-count=8"
    "memorysetup-main-allocator-block-size=16777216"
    "memorysetup-thread-allocator-block-size=16777216"
    "memorysetup-gfx-main-allocator-block-size=16777216"
    "memorysetup-gfx-thread-allocator-block-size=16777216"
    "memorysetup-cache-allocator-block-size=4194304"
    "memorysetup-typetree-allocator-block-size=2097152"
    "memorysetup-profiler-bucket-allocator-granularity=16"
    "memorysetup-profiler-bucket-allocator-bucket-count=8"
    "memorysetup-profiler-bucket-allocator-block-size=33554432"
    "memorysetup-profiler-bucket-allocator-block-count=8"
    "memorysetup-profiler-allocator-block-size=16777216"
    "memorysetup-profiler-editor-allocator-block-size=1048576"
    "memorysetup-temp-allocator-size-main=16777216"
    "memorysetup-job-temp-allocator-block-size=2097152"
    "memorysetup-job-temp-allocator-block-size-background=1048576"
    "memorysetup-job-temp-allocator-reduction-small-platforms=262144"
    "memorysetup-temp-allocator-size-background-worker=32768"
    "memorysetup-temp-allocator-size-job-worker=262144"
    "memorysetup-temp-allocator-size-preload-manager=33554432"
    "memorysetup-temp-allocator-size-nav-mesh-worker=65536"
    "memorysetup-temp-allocator-size-audio-worker=65536"
    "memorysetup-temp-allocator-size-cloud-worker=32768"
    "memorysetup-temp-allocator-size-gi-baking-worker=262144"
    "memorysetup-temp-allocator-size-gfx=262144"
Refreshing native plugins compatible for Editor in 134.59 ms, found 3 plugins.
Preloading 0 native plugins for Editor in 0.00 ms.
Initialize engine version: 2021.2.7f1 (6bd9e232123f)
[Subsystems] Discovering subsystems at path C:/Program Files/Unity/Hub/Editor/2021.2.7f1/Editor/Data/Resources/UnitySubsystems
[Subsystems] Discovering subsystems at path D:/githubrepos/MemoryGame/MemoryGame/Assets
GfxDevice: creating device client; threaded=0; jobified=0
Direct3D:
    Version:  Direct3D 11.0 [level 11.1]
    Renderer: NVIDIA GeForce GTX 1080 (ID=0x1b80)
    Vendor:   NVIDIA
    VRAM:     8079 MB
    Driver:   30.0.15.1123
Initialize mono
Mono path[0] = 'C:/Program Files/Unity/Hub/Editor/2021.2.7f1/Editor/Data/Managed'
Mono path[1] = 'C:/Program Files/Unity/Hub/Editor/2021.2.7f1/Editor/Data/MonoBleedingEdge/lib/mono/unityjit-win32'
Mono config path = 'C:/Program Files/Unity/Hub/Editor/2021.2.7f1/Editor/Data/MonoBleedingEdge/etc'
Using monoOptions --debugger-agent=transport=dt_socket,embedding=1,server=y,suspend=n,address=127.0.0.1:56660
Begin MonoManager ReloadAssembly
Registering precompiled unity dll's ...
Register platform support module: C:/Program Files/Unity/Hub/Editor/2021.2.7f1/Editor/Data/PlaybackEngines/WindowsStandaloneSupport/UnityEditor.WindowsStandalone.Extensions.dll
Registered in 0.008976 seconds.
Native extension for WindowsStandalone target not found
Refreshing native plugins compatible for Editor in 38.60 ms, found 3 plugins.
Preloading 0 native plugins for Editor in 0.00 ms.
Mono: successfully reloaded assembly
- Completed reload, in  0.579 seconds
Domain Reload Profiling:
	ReloadAssembly (579ms)
		BeginReloadAssembly (105ms)
			ExecutionOrderSort (0ms)
			DisableScriptedObjects (0ms)
			BackupInstance (0ms)
			ReleaseScriptingObjects (0ms)
			CreateAndSetChildDomain (1ms)
		EndReloadAssembly (394ms)
			LoadAssemblies (103ms)
			RebuildTransferFunctionScriptingTraits (0ms)
			SetupTypeCache (98ms)
			ReleaseScriptCaches (0ms)
			RebuildScriptCaches (23ms)
			SetupLoadedEditorAssemblies (223ms)
				LogAssemblyErrors (0ms)
				InitializePlatformSupportModulesInManaged (14ms)
				SetLoadedEditorAssemblies (0ms)
				RefreshPlugins (39ms)
				BeforeProcessingInitializeOnLoad (1ms)
				ProcessInitializeOnLoadAttributes (129ms)
				ProcessInitializeOnLoadMethodAttributes (41ms)
				AfterProcessingInitializeOnLoad (0ms)
				EditorAssembliesLoaded (0ms)
			ExecutionOrderSort2 (0ms)
			AwakeInstancesAfterBackupRestoration (0ms)
Platform modules already initialized, skipping
Registering precompiled user dll's ...
Registered in 0.318144 seconds.
Begin MonoManager ReloadAssembly
Native extension for WindowsStandalone target not found
Refreshing native plugins compatible for Editor in 37.08 ms, found 3 plugins.
Preloading 0 native plugins for Editor in 0.00 ms.
Mono: successfully reloaded assembly
- Completed reload, in  1.803 seconds
Domain Reload Profiling:
	ReloadAssembly (1803ms)
		BeginReloadAssembly (99ms)
			ExecutionOrderSort (0ms)
			DisableScriptedObjects (5ms)
			BackupInstance (0ms)
			ReleaseScriptingObjects (0ms)
			CreateAndSetChildDomain (18ms)
		EndReloadAssembly (1607ms)
			LoadAssemblies (719ms)
			RebuildTransferFunctionScriptingTraits (0ms)
			SetupTypeCache (179ms)
			ReleaseScriptCaches (1ms)
			RebuildScriptCaches (40ms)
			SetupLoadedEditorAssemblies (633ms)
				LogAssemblyErrors (0ms)
				InitializePlatformSupportModulesInManaged (9ms)
				SetLoadedEditorAssemblies (0ms)
				RefreshPlugins (37ms)
				BeforeProcessingInitializeOnLoad (62ms)
				ProcessInitializeOnLoadAttributes (483ms)
				ProcessInitializeOnLoadMethodAttributes (33ms)
				AfterProcessingInitializeOnLoad (9ms)
				EditorAssembliesLoaded (0ms)
			ExecutionOrderSort2 (0ms)
			AwakeInstancesAfterBackupRestoration (6ms)
Platform modules already initialized, skipping
========================================================================
Worker process is ready to serve import requests
Launched and connected shader compiler UnityShaderCompiler.exe after 0.06 seconds
Refreshing native plugins compatible for Editor in 0.62 ms, found 3 plugins.
Preloading 0 native plugins for Editor in 0.00 ms.
Unloading 2436 Unused Serialized files (Serialized files now loaded: 0)
Unloading 46 unused Assets / (56.0 KB). Loaded Objects now: 2883.
Memory consumption went from 110.7 MB to 110.7 MB.
Total: 3.468700 ms (FindLiveObjects: 0.215400 ms CreateObjectMapping: 0.064600 ms MarkObjects: 3.105900 ms  DeleteObjects: 0.082100 ms)

AssetImportParameters requested are different than current active one (requested -> active):
  custom:video-decoder-ogg-theora: a1e56fd34408186e4bbccfd4996cb3dc -> 
  custom:container-muxer-webm: aa71ff27fc2769a1b78a27578f13a17b -> 
  custom:container-demuxer-webm: 4f35f7cbe854078d1ac9338744f61a02 -> 
  custom:video-encoder-webm-vp8: eb34c28f22e8b96e1ab97ce403110664 -> 
  custom:audio-encoder-webm-vorbis: bf7c407c2cedff20999df2af8eb42d56 -> 
  custom:framework-win-MediaFoundation: 216162199b28c13a410421893ffa2e32 -> 
  custom:container-demuxer-ogg: 62fdf1f143b41e24485cea50d1cbac27 -> 
  custom:video-decoder-webm-vp8: 9c59270c3fd7afecdb556c50c9e8de78 -> 
  custom:audio-decoder-ogg-vorbis: bf7c407c2cedff20999df2af8eb42d56 -> 
========================================================================
Received Prepare
Refreshing native plugins compatible for Editor in 4.61 ms, found 3 plugins.
Preloading 0 native plugins for Editor in 0.00 ms.
Unloading 33 Unused Serialized files (Serialized files now loaded: 0)
Unloading 33 unused Assets / (21.9 KB). Loaded Objects now: 2883.
Memory consumption went from 60.9 MB to 60.9 MB.
Total: 3.715100 ms (FindLiveObjects: 0.250500 ms CreateObjectMapping: 0.065100 ms MarkObjects: 3.378400 ms  DeleteObjects: 0.020200 ms)

AssetImportParameters requested are different than current active one (requested -> active):
  custom:video-decoder-ogg-theora: a1e56fd34408186e4bbccfd4996cb3dc -> 
  custom:container-muxer-webm: aa71ff27fc2769a1b78a27578f13a17b -> 
  custom:container-demuxer-webm: 4f35f7cbe854078d1ac9338744f61a02 -> 
  custom:video-encoder-webm-vp8: eb34c28f22e8b96e1ab97ce403110664 -> 
  custom:audio-encoder-webm-vorbis: bf7c407c2cedff20999df2af8eb42d56 -> 
  custom:framework-win-MediaFoundation: 216162199b28c13a410421893ffa2e32 -> 
  custom:container-demuxer-ogg: 62fdf1f143b41e24485cea50d1cbac27 -> 
  custom:video-decoder-webm-vp8: 9c59270c3fd7afecdb556c50c9e8de78 -> 
  custom:audio-decoder-ogg-vorbis: bf7c407c2cedff20999df2af8eb42d56 -> 
========================================================================
Received Import Request.
  Time since last request: 208478.354768 seconds.
  path: Assets/Resources/front_/korea_/korea_1.png
  artifactKey: Guid(2b5948d4c71f7764d88de66ae3b46d62) Importer(815301076,1909f56bfc062723c751e8b465ee728b)
Start importing Assets/Resources/front_/korea_/korea_1.png using Guid(2b5948d4c71f7764d88de66ae3b46d62) Importer(815301076,1909f56bfc062723c751e8b465ee728b)  -> (artifact id: '9dcf678fe7df59430ad36fe50401183a') in 0.090466 seconds 
========================================================================
Received Import Request.
  Time since last request: 1.299568 seconds.
  path: Assets/Resources/front_/flags_/flags_23.png
  artifactKey: Guid(fb7da3eb84c46464590affbb1d201217) Importer(815301076,1909f56bfc062723c751e8b465ee728b)
Start importing Assets/Resources/front_/flags_/flags_23.png using Guid(fb7da3eb84c46464590affbb1d201217) Importer(815301076,1909f56bfc062723c751e8b465ee728b)  -> (artifact id: 'd50c634817dc27cc6877c1e43d232759') in 0.012131 seconds 
========================================================================
Received Import Request.
  Time since last request: 0.017604 seconds.
  path: Assets/Resources/front_/flags_/flags_21.png
  artifactKey: Guid(c74e4ce5ea30c344ca6528ebfc891793) Importer(815301076,1909f56bfc062723c751e8b465ee728b)
Start importing Assets/Resources/front_/flags_/flags_21.png using Guid(c74e4ce5ea30c344ca6528ebfc891793) Importer(815301076,1909f56bfc062723c751e8b465ee728b)  -> (artifact id: '20012bb7dd0b711f7f9fcb777c8d78b3') in 0.011032 seconds 
========================================================================
Received Import Request.
  Time since last request: 0.168654 seconds.
  path: Assets/Resources/front_/flags_/flags_19.png
  artifactKey: Guid(f4bf4e2d8a3d8f84d987b2384ae035f1) Importer(815301076,1909f56bfc062723c751e8b465ee728b)
Start importing Assets/Resources/front_/flags_/flags_19.png using Guid(f4bf4e2d8a3d8f84d987b2384ae035f1) Importer(815301076,1909f56bfc062723c751e8b465ee728b)  -> (artifact id: 'ebe7a2ee62cf7318956397c0c6312732') in 0.012017 seconds 
========================================================================
Received Import Request.
  Time since last request: 0.012366 seconds.
  path: Assets/Resources/front_/flags_/flags_17.png
  artifactKey: Guid(43837d3b99f79b041b2829f02b7c1ab7) Importer(815301076,1909f56bfc062723c751e8b465ee728b)
Start importing Assets/Resources/front_/flags_/flags_17.png using Guid(43837d3b99f79b041b2829f02b7c1ab7) Importer(815301076,1909f56bfc062723c751e8b465ee728b)  -> (artifact id: 'e10f222188ed6270122d798d02e06121') in 0.011485 seconds 
========================================================================
Received Import Request.
  Time since last request: 0.019346 seconds.
  path: Assets/Resources/front_/flags_/flags_15.png
  artifactKey: Guid(be13df8a9e4673d4786bb99d394a032d) Importer(815301076,1909f56bfc062723c751e8b465ee728b)
Start importing Assets/Resources/front_/flags_/flags_15.png using Guid(be13df8a9e4673d4786bb99d394a032d) Importer(815301076,1909f56bfc062723c751e8b465ee728b)  -> (artifact id: 'bb70da87051b8584a20408610e8b7994') in 0.011390 seconds 
========================================================================
Received Import Request.
  Time since last request: 0.760584 seconds.
  path: Assets/Resources/front_/flags_/flags_13.png
  artifactKey: Guid(3c0884daeca4d1948a396de9d367643c) Importer(815301076,1909f56bfc062723c751e8b465ee728b)
Start importing Assets/Resources/front_/flags_/flags_13.png using Guid(3c0884daeca4d1948a396de9d367643c) Importer(815301076,1909f56bfc062723c751e8b465ee728b)  -> (artifact id: '5fbdc42e9c83880535c1cd411876d6a3') in 0.012939 seconds 
========================================================================
Received Import Request.
  Time since last request: 0.000016 seconds.
  path: Assets/Resources/front_/flags_/flags_10.png
  artifactKey: Guid(2ff369f3928de92438d0f9bf02cab96a) Importer(815301076,1909f56bfc062723c751e8b465ee728b)
Start importing Assets/Resources/front_/flags_/flags_10.png using Guid(2ff369f3928de92438d0f9bf02cab96a) Importer(815301076,1909f56bfc062723c751e8b465ee728b)  -> (artifact id: '9b6df5f71b1ad1227263752670e3828e') in 0.012619 seconds 
========================================================================
Received Import Request.
  Time since last request: 0.029857 seconds.
  path: Assets/Resources/front_/fashion_/fashion_3.png
  artifactKey: Guid(d7b34d6dc5ced9841be1f187eb9777a8) Importer(815301076,1909f56bfc062723c751e8b465ee728b)
Start importing Assets/Resources/front_/fashion_/fashion_3.png using Guid(d7b34d6dc5ced9841be1f187eb9777a8) Importer(815301076,1909f56bfc062723c751e8b465ee728b)  -> (artifact id: '37b9ac9b541b3f927ad3d7843919a688') in 0.013946 seconds 
========================================================================
Received Import Request.
  Time since last request: 0.008817 seconds.
  path: Assets/Resources/front_/fashion_/fashion_6.png
  artifactKey: Guid(0e9867ab4995afe49a024186833b3edb) Importer(815301076,1909f56bfc062723c751e8b465ee728b)
Start importing Assets/Resources/front_/fashion_/fashion_6.png using Guid(0e9867ab4995afe49a024186833b3edb) Importer(815301076,1909f56bfc062723c751e8b465ee728b)  -> (artifact id: '06e59a632ab551708774de3c7c41c049') in 0.016176 seconds 
========================================================================
Received Import Request.
  Time since last request: 0.003507 seconds.
  path: Assets/Resources/front_/fashion_/fashion_8.png
  artifactKey: Guid(116348085d45c4545ae6d6b3fd4eb4f4) Importer(815301076,1909f56bfc062723c751e8b465ee728b)
Start importing Assets/Resources/front_/fashion_/fashion_8.png using Guid(116348085d45c4545ae6d6b3fd4eb4f4) Importer(815301076,1909f56bfc062723c751e8b465ee728b)  -> (artifact id: '9409d1546b849c4f96e169bb0f749d8f') in 0.012918 seconds 
========================================================================
Received Import Request.
  Time since last request: 0.000019 seconds.
  path: Assets/Resources/front_/fashion_/fashion_7.png
  artifactKey: Guid(d0c2e43caba2d9942ba2e75815b6ffb1) Importer(815301076,1909f56bfc062723c751e8b465ee728b)
Start importing Assets/Resources/front_/fashion_/fashion_7.png using Guid(d0c2e43caba2d9942ba2e75815b6ffb1) Importer(815301076,1909f56bfc062723c751e8b465ee728b)  -> (artifact id: '3b4254955cd49cc26ecf087da7820232') in 0.014278 seconds 
========================================================================
Received Import Request.
  Time since last request: 0.000040 seconds.
  path: Assets/Resources/front_/fashion_/fashion_5.png
  artifactKey: Guid(fb982c0d4e9ad414d8aa73f3a4130bee) Importer(815301076,1909f56bfc062723c751e8b465ee728b)
Start importing Assets/Resources/front_/fashion_/fashion_5.png using Guid(fb982c0d4e9ad414d8aa73f3a4130bee) Importer(815301076,1909f56bfc062723c751e8b465ee728b)  -> (artifact id: '867bd9c1c4a4742f2d85c7ec7f6e46ae') in 0.012495 seconds 
Editor requested this worker to shutdown with reason: Scaling down because of idle timeout
AssetImportWorker is now disconnected from the server
Process exiting
Exiting without the bug reporter. Application will terminate with return code 0